c:\users\my-computer-g\source\repos\lists\lists\debug\lists.pch
c:\users\my-computer-g\source\repos\lists\lists\debug\vc141.pdb
c:\users\my-computer-g\source\repos\lists\lists\debug\vc141.idb
c:\users\my-computer-g\source\repos\lists\lists\debug\pch.obj
c:\users\my-computer-g\source\repos\lists\lists\debug\stack.obj
c:\users\my-computer-g\source\repos\lists\lists\debug\lists.obj
c:\users\my-computer-g\source\repos\lists\lists\debug\linkedlist.obj
c:\users\my-computer-g\source\repos\lists\lists\debug\queue.obj
c:\users\my-computer-g\source\repos\lists\lists\debug\binarytree.obj
c:\users\my-computer-g\source\repos\lists\debug\lists.exe
c:\users\my-computer-g\source\repos\lists\debug\lists.ilk
c:\users\my-computer-g\source\repos\lists\debug\lists.pdb
c:\users\my-computer-g\source\repos\lists\lists\debug\lists.tlog\cl.command.1.tlog
c:\users\my-computer-g\source\repos\lists\lists\debug\lists.tlog\cl.read.1.tlog
c:\users\my-computer-g\source\repos\lists\lists\debug\lists.tlog\cl.write.1.tlog
c:\users\my-computer-g\source\repos\lists\lists\debug\lists.tlog\link-cvtres.read.1.tlog
c:\users\my-computer-g\source\repos\lists\lists\debug\lists.tlog\link-cvtres.write.1.tlog
c:\users\my-computer-g\source\repos\lists\lists\debug\lists.tlog\link-rc.read.1.tlog
c:\users\my-computer-g\source\repos\lists\lists\debug\lists.tlog\link-rc.write.1.tlog
c:\users\my-computer-g\source\repos\lists\lists\debug\lists.tlog\link.12180-cvtres.read.1.tlog
c:\users\my-computer-g\source\repos\lists\lists\debug\lists.tlog\link.12180-cvtres.write.1.tlog
c:\users\my-computer-g\source\repos\lists\lists\debug\lists.tlog\link.12180-rc.read.1.tlog
c:\users\my-computer-g\source\repos\lists\lists\debug\lists.tlog\link.12180-rc.write.1.tlog
c:\users\my-computer-g\source\repos\lists\lists\debug\lists.tlog\link.12180.read.1.tlog
c:\users\my-computer-g\source\repos\lists\lists\debug\lists.tlog\link.12180.write.1.tlog
c:\users\my-computer-g\source\repos\lists\lists\debug\lists.tlog\link.command.1.tlog
c:\users\my-computer-g\source\repos\lists\lists\debug\lists.tlog\link.read.1.tlog
c:\users\my-computer-g\source\repos\lists\lists\debug\lists.tlog\link.write.1.tlog
